<?xml version="1.0" encoding="UTF-8"?>
<testng-results ignored="1" total="2" passed="1" failed="0" skipped="0">
  <reporter-output>
  </reporter-output>
  <suite started-at="2023-07-19T17:22:39 EDT" name="Default suite" finished-at="2023-07-19T17:22:50 EDT" duration-ms="11630">
    <groups>
    </groups>
    <test started-at="2023-07-19T17:22:39 EDT" name="Default test" finished-at="2023-07-19T17:22:50 EDT" duration-ms="11630">
      <class name="Smoke.LoginTest">
        <test-method is-config="true" signature="Initalization()[pri:0, instance:Smoke.LoginTest@6340e5f0]" started-at="2023-07-19T17:22:39 EDT" name="Initalization" finished-at="2023-07-19T17:22:43 EDT" duration-ms="3925" status="PASS">
          <reporter-output>
          </reporter-output>
        </test-method> <!-- Initalization -->
        <test-method signature="LoginWithCorrectCreadential()[pri:0, instance:Smoke.LoginTest@6340e5f0]" started-at="2023-07-19T17:22:43 EDT" name="LoginWithCorrectCreadential" finished-at="2023-07-19T17:22:50 EDT" duration-ms="7421" status="PASS">
          <reporter-output>
          </reporter-output>
        </test-method> <!-- LoginWithCorrectCreadential -->
        <test-method is-config="true" signature="CleanUp()[pri:0, instance:Smoke.LoginTest@6340e5f0]" started-at="2023-07-19T17:22:50 EDT" name="CleanUp" finished-at="2023-07-19T17:22:50 EDT" duration-ms="236" status="PASS">
          <reporter-output>
          </reporter-output>
        </test-method> <!-- CleanUp -->
      </class> <!-- Smoke.LoginTest -->
    </test> <!-- Default test -->
  </suite> <!-- Default suite -->
</testng-results>
