<?xml version="1.0" encoding="UTF-8"?>
<!-- Generated by org.testng.reporters.JUnitXMLReporter -->
<testsuite ignored="1" hostname="DESKTOP-G846DJ5" failures="0" tests="1" name="Default test" time="11.63" errors="0" timestamp="2023-07-19T17:22:50 EDT">
  <testcase classname="Smoke.LoginTest" name="LoginWithCorrectCreadential" time="7.421"/>
  <testcase classname="Smoke.LoginTest" name="LoginWithInCorrectCreadential" time="0.0">
    <ignored/>
  </testcase> <!-- LoginWithInCorrectCreadential -->
</testsuite> <!-- Default test -->
