<?xml version="1.0" encoding="UTF-8"?>
<testng-results ignored="0" total="3" passed="3" failed="0" skipped="0">
  <reporter-output>
  </reporter-output>
  <suite started-at="2024-05-03T15:04:22 EDT" name="Suite" finished-at="2024-05-03T15:04:24 EDT" duration-ms="1297">
    <groups>
    </groups>
    <test started-at="2024-05-03T15:04:22 EDT" name="Test" finished-at="2024-05-03T15:04:24 EDT" duration-ms="1297">
      <class name="com.test.PetApi">
        <test-method is-config="true" signature="Initalization()[pri:0, instance:com.test.PetApi@2e27d72f]" started-at="2024-05-03T15:04:22 EDT" name="Initalization" finished-at="2024-05-03T15:04:22 EDT" duration-ms="7" status="PASS">
          <reporter-output>
          </reporter-output>
        </test-method> <!-- Initalization -->
        <test-method signature="PostUSerCreation()[pri:1, instance:com.test.PetApi@2e27d72f]" started-at="2024-05-03T15:04:22 EDT" name="PostUSerCreation" finished-at="2024-05-03T15:04:23 EDT" duration-ms="958" status="PASS">
          <reporter-output>
          </reporter-output>
        </test-method> <!-- PostUSerCreation -->
        <test-method signature="PostGetData()[pri:2, instance:com.test.PetApi@2e27d72f]" started-at="2024-05-03T15:04:23 EDT" name="PostGetData" finished-at="2024-05-03T15:04:24 EDT" duration-ms="239" status="PASS">
          <reporter-output>
          </reporter-output>
        </test-method> <!-- PostGetData -->
        <test-method signature="PostDelete()[pri:3, instance:com.test.PetApi@2e27d72f]" started-at="2024-05-03T15:04:24 EDT" name="PostDelete" finished-at="2024-05-03T15:04:24 EDT" duration-ms="61" status="PASS">
          <reporter-output>
          </reporter-output>
        </test-method> <!-- PostDelete -->
      </class> <!-- com.test.PetApi -->
    </test> <!-- Test -->
  </suite> <!-- Suite -->
</testng-results>
