<?xml version="1.0" encoding="UTF-8"?>
<testng-results ignored="0" total="2" passed="2" failed="0" skipped="0">
  <reporter-output>
  </reporter-output>
  <suite started-at="2023-05-21T17:39:31 EDT" name="Default suite" finished-at="2023-05-21T17:39:38 EDT" duration-ms="6898">
    <groups>
    </groups>
    <test started-at="2023-05-21T17:39:31 EDT" name="Default test" finished-at="2023-05-21T17:39:38 EDT" duration-ms="6898">
      <class name="com.test.MultiTest">
        <test-method is-config="true" signature="Initalization()[pri:0, instance:com.test.MultiTest@5e600dd5]" started-at="2023-05-21T17:39:31 EDT" name="Initalization" finished-at="2023-05-21T17:39:36 EDT" duration-ms="4346" status="PASS">
          <reporter-output>
          </reporter-output>
        </test-method> <!-- Initalization -->
        <test-method signature="DropDown()[pri:1, instance:com.test.MultiTest@5e600dd5]" started-at="2023-05-21T17:39:36 EDT" name="DropDown" finished-at="2023-05-21T17:39:36 EDT" duration-ms="618" status="PASS">
          <reporter-output>
          </reporter-output>
        </test-method> <!-- DropDown -->
        <test-method signature="AdvanceDropDown()[pri:2, instance:com.test.MultiTest@5e600dd5]" started-at="2023-05-21T17:39:36 EDT" name="AdvanceDropDown" finished-at="2023-05-21T17:39:38 EDT" duration-ms="1764" status="PASS">
          <reporter-output>
          </reporter-output>
        </test-method> <!-- AdvanceDropDown -->
        <test-method is-config="true" signature="CleanUp()[pri:0, instance:com.test.MultiTest@5e600dd5]" started-at="2023-05-21T17:39:38 EDT" name="CleanUp" finished-at="2023-05-21T17:39:38 EDT" duration-ms="137" status="PASS">
          <reporter-output>
          </reporter-output>
        </test-method> <!-- CleanUp -->
      </class> <!-- com.test.MultiTest -->
    </test> <!-- Default test -->
  </suite> <!-- Default suite -->
</testng-results>
