<?xml version="1.0" encoding="UTF-8"?>
<testng-results ignored="0" total="2" passed="2" failed="0" skipped="0">
  <reporter-output>
  </reporter-output>
  <suite started-at="2024-02-16T15:18:08 EST" name="Default suite" finished-at="2024-02-16T15:18:15 EST" duration-ms="7507">
    <groups>
    </groups>
    <test started-at="2024-02-16T15:18:08 EST" name="Default test" finished-at="2024-02-16T15:18:15 EST" duration-ms="7507">
      <class name="Smoke.LoginTest">
        <test-method is-config="true" signature="Initalization()[pri:0, instance:Smoke.LoginTest@1ffaf86]" started-at="2024-02-16T15:18:08 EST" name="Initalization" finished-at="2024-02-16T15:18:13 EST" duration-ms="4654" status="PASS">
          <reporter-output>
          </reporter-output>
        </test-method> <!-- Initalization -->
        <test-method signature="LoginWithCorrectCreadential()[pri:0, instance:Smoke.LoginTest@1ffaf86]" started-at="2024-02-16T15:18:13 EST" name="LoginWithCorrectCreadential" finished-at="2024-02-16T15:18:13 EST" duration-ms="319" status="PASS">
          <reporter-output>
          </reporter-output>
        </test-method> <!-- LoginWithCorrectCreadential -->
        <test-method signature="LoginWithInCorrectCreadential()[pri:0, instance:Smoke.LoginTest@1ffaf86]" started-at="2024-02-16T15:18:13 EST" name="LoginWithInCorrectCreadential" finished-at="2024-02-16T15:18:15 EST" duration-ms="2324" status="PASS">
          <reporter-output>
          </reporter-output>
        </test-method> <!-- LoginWithInCorrectCreadential -->
        <test-method is-config="true" signature="CleanUp()[pri:0, instance:Smoke.LoginTest@1ffaf86]" started-at="2024-02-16T15:18:15 EST" name="CleanUp" finished-at="2024-02-16T15:18:15 EST" duration-ms="171" status="PASS">
          <reporter-output>
          </reporter-output>
        </test-method> <!-- CleanUp -->
      </class> <!-- Smoke.LoginTest -->
    </test> <!-- Default test -->
  </suite> <!-- Default suite -->
</testng-results>
